ipn - aug 13 2008 06:54:24
 Written POST to paypal
 Paypal response VERIFIED
 mc_gross doesn't match 
 rxd mc_gross:19.99
 

Array
(
    [mc_gross] => 19.99
    [address_status] => confirmed
    [payer_id] => 6EJDN2NZ8QMFC
    [tax] => 0.00
    [address_street] => 1 Main St
    [payment_date] => 23:54:19 Aug 12, 2008 PDT
    [payment_status] => EScheck_totals_Completed
    [charset] => windows-1252
    [address_zip] => 95131
    [mc_shipping] => 0.00
    [mc_handling] => 0.00
    [first_name] => Test
    [mc_fee] => 0.93
    [address_country_code] => US
    [address_name] => Test User
    [notify_version] => 2.4
    [custom] => bddacced0e70abed63159bdfb355f65e
    [payer_status] => verified
    [business] => seller@webstartinternet.com
    [address_country] => United States
    [num_cart_items] => 1
    [address_city] => San Jose
    [verify_sign] => A0ZX5n285gy0h1KhcmouwQfFE.UuAIDozzf5CCQZtT5LYm1WLYLzpcQw
    [payer_email] => mybuyer@webstartinternet.com
    [txn_id] => 3TW59002F52081714
    [payment_type] => instant
    [last_name] => User
    [address_state] => CA
    [receiver_email] => seller@webstartinternet.com
    [payment_fee] => 
    [receiver_id] => WWP5P9CXGGBLA
    [txn_type] => cart
    [mc_currency] => EUR
    [residence_country] => US
    [test_ipn] => 1
    [payment_gross] => 
)

Array
(
    [item_number1] => MAN-TS1.4
    [mc_handling1] => 0.00
    [mc_shipping1] => 0.00
    [tax1] => 0.00
    [item_name1] => EasyShop v1.4 t-shirt
    [quantity1] => 1
    [mc_gross_1] => 19.99
)